Using pre-set license
Built from '2020.3/staging' branch; Version is '2020.3.6f1 (338bb68529b2) revision 3378102'; Using compiler version '192528614'; Build Type 'Release'
OS: 'Windows 10 Home; OS build 19043.1288; Version 2009; 64bit' Language: 'es' Physical Memory: 8043 MB
BatchMode: 1, IsHumanControllingUs: 0, StartBugReporterOnCrash: 0, Is64bit: 1, IsPro: 0

 COMMAND LINE ARGUMENTS:
C:\Program Files\Unity\Hub\Editor\2020.3.6f1\Editor\Unity.exe
-adb2
-batchMode
-noUpm
-name
AssetImportWorker3
-projectPath
D:/FP_Proyecto
-logFile
Logs/AssetImportWorker3.log
-srvPort
13549
Successfully changed project path to: D:/FP_Proyecto
D:/FP_Proyecto
Using Asset Import Pipeline V2.
Refreshing native plugins compatible for Editor in 217.88 ms, found 0 plugins.
Preloading 0 native plugins for Editor in 0.00 ms.
Initialize engine version: 2020.3.6f1 (338bb68529b2)
[Subsystems] Discovering subsystems at path C:/Program Files/Unity/Hub/Editor/2020.3.6f1/Editor/Data/Resources/UnitySubsystems
[Subsystems] Discovering subsystems at path D:/FP_Proyecto/Assets
GfxDevice: creating device client; threaded=0
Direct3D:
    Version:  Direct3D 11.0 [level 11.0]
    Renderer: NVIDIA GeForce MX110 (ID=0x174e)
    Vendor:   
    VRAM:     2010 MB
    Driver:   27.21.14.6259
Initialize mono
Mono path[0] = 'C:/Program Files/Unity/Hub/Editor/2020.3.6f1/Editor/Data/Managed'
Mono path[1] = 'C:/Program Files/Unity/Hub/Editor/2020.3.6f1/Editor/Data/MonoBleedingEdge/lib/mono/unityjit'
Mono config path = 'C:/Program Files/Unity/Hub/Editor/2020.3.6f1/Editor/Data/MonoBleedingEdge/etc'
Using monoOptions --debugger-agent=transport=dt_socket,embedding=1,server=y,suspend=n,address=127.0.0.1:56720
Begin MonoManager ReloadAssembly
Registering precompiled unity dll's ...
Register platform support module: C:/Program Files/Unity/Hub/Editor/2020.3.6f1/Editor/Data/PlaybackEngines/WindowsStandaloneSupport/UnityEditor.WindowsStandalone.Extensions.dll
Registered in 0.004693 seconds.
Native extension for WindowsStandalone target not found
Refreshing native plugins compatible for Editor in 194.97 ms, found 0 plugins.
Preloading 0 native plugins for Editor in 0.00 ms.
Mono: successfully reloaded assembly
- Completed reload, in  2.609 seconds
Platform modules already initialized, skipping
Registering precompiled user dll's ...
Registered in 0.002240 seconds.
Begin MonoManager ReloadAssembly
Native extension for WindowsStandalone target not found
Refreshing native plugins compatible for Editor in 1.58 ms, found 0 plugins.
Preloading 0 native plugins for Editor in 0.00 ms.
Mono: successfully reloaded assembly
- Completed reload, in  4.129 seconds
Platform modules already initialized, skipping
========================================================================
Worker process is ready to serve import requests
Launched and connected shader compiler UnityShaderCompiler.exe after 0.16 seconds
Refreshing native plugins compatible for Editor in 4.51 ms, found 0 plugins.
Preloading 0 native plugins for Editor in 0.00 ms.
Unloading 2367 Unused Serialized files (Serialized files now loaded: 0)
System memory in use before: 222.0 MB.
System memory in use after: 222.1 MB.

Unloading 15 unused Assets to reduce memory usage. Loaded Objects now: 2848.
Total: 12.451600 ms (FindLiveObjects: 1.237200 ms CreateObjectMapping: 0.406900 ms MarkObjects: 9.182700 ms  DeleteObjects: 1.602600 ms)

========================================================================
Received Import Request.
  path: Assets/Scenes/EllenAdventure/Start_Explorer.unity
  artifactKey: Guid(510e4a0195b1df54aa1e9fe3f21a26df) Importer(815301076,1909f56bfc062723c751e8b465ee728b)
Start importing Assets/Scenes/EllenAdventure/Start_Explorer.unity using Guid(510e4a0195b1df54aa1e9fe3f21a26df) Importer(815301076,1909f56bfc062723c751e8b465ee728b)  -> (artifact id: '85b4d70ac9484ba0f11a49ed7b320d88') in 0.347472 seconds
  Import took 0.378856 seconds .

========================================================================
Received Import Request.
  Time since last request: 81.496812 seconds.
  path: Assets/3DGamekit/Scripts/UI/MainMenu.cs
  artifactKey: Guid(7d32e2351995bf54d8e284a6f21b8d69) Importer(815301076,1909f56bfc062723c751e8b465ee728b)
Start importing Assets/3DGamekit/Scripts/UI/MainMenu.cs using Guid(7d32e2351995bf54d8e284a6f21b8d69) Importer(815301076,1909f56bfc062723c751e8b465ee728b)  -> (artifact id: 'e35c67892e47480577b57df2c5397198') in 0.442971 seconds
  Import took 0.482916 seconds .

========================================================================
Received Prepare
Registering precompiled user dll's ...
Registered in 0.050332 seconds.
Begin MonoManager ReloadAssembly
Native extension for WindowsStandalone target not found
Refreshing native plugins compatible for Editor in 1.52 ms, found 0 plugins.
Preloading 0 native plugins for Editor in 0.00 ms.
Mono: successfully reloaded assembly
- Completed reload, in  3.023 seconds
Platform modules already initialized, skipping
Refreshing native plugins compatible for Editor in 2.12 ms, found 0 plugins.
Preloading 0 native plugins for Editor in 0.00 ms.
Unloading 2245 Unused Serialized files (Serialized files now loaded: 0)
System memory in use before: 210.4 MB.
System memory in use after: 210.6 MB.

Unloading 6 unused Assets to reduce memory usage. Loaded Objects now: 2852.
Total: 4.188300 ms (FindLiveObjects: 0.404400 ms CreateObjectMapping: 0.159800 ms MarkObjects: 3.225000 ms  DeleteObjects: 0.396900 ms)

========================================================================
Received Prepare
Registering precompiled user dll's ...
Registered in 0.004075 seconds.
Begin MonoManager ReloadAssembly
Native extension for WindowsStandalone target not found
Refreshing native plugins compatible for Editor in 1.10 ms, found 0 plugins.
Preloading 0 native plugins for Editor in 0.00 ms.
Mono: successfully reloaded assembly
- Completed reload, in  1.601 seconds
Platform modules already initialized, skipping
Refreshing native plugins compatible for Editor in 1.67 ms, found 0 plugins.
Preloading 0 native plugins for Editor in 0.00 ms.
Unloading 2244 Unused Serialized files (Serialized files now loaded: 0)
System memory in use before: 210.4 MB.
System memory in use after: 210.6 MB.

Unloading 6 unused Assets to reduce memory usage. Loaded Objects now: 2855.
Total: 7.454400 ms (FindLiveObjects: 0.517600 ms CreateObjectMapping: 0.371800 ms MarkObjects: 5.792500 ms  DeleteObjects: 0.769000 ms)

========================================================================
Received Prepare
Registering precompiled user dll's ...
Registered in 0.006027 seconds.
Begin MonoManager ReloadAssembly
Native extension for WindowsStandalone target not found
Refreshing native plugins compatible for Editor in 2.88 ms, found 0 plugins.
Preloading 0 native plugins for Editor in 0.00 ms.
Mono: successfully reloaded assembly
- Completed reload, in  4.310 seconds
Platform modules already initialized, skipping
Refreshing native plugins compatible for Editor in 1.83 ms, found 0 plugins.
Preloading 0 native plugins for Editor in 0.00 ms.
Unloading 2244 Unused Serialized files (Serialized files now loaded: 0)
System memory in use before: 210.5 MB.
System memory in use after: 210.7 MB.

Unloading 6 unused Assets to reduce memory usage. Loaded Objects now: 2858.
Total: 3.550600 ms (FindLiveObjects: 0.756600 ms CreateObjectMapping: 0.263500 ms MarkObjects: 2.158800 ms  DeleteObjects: 0.369900 ms)

========================================================================
Received Prepare
Registering precompiled user dll's ...
Registered in 0.002388 seconds.
Begin MonoManager ReloadAssembly
Native extension for WindowsStandalone target not found
Refreshing native plugins compatible for Editor in 1.46 ms, found 0 plugins.
Preloading 0 native plugins for Editor in 0.00 ms.
Mono: successfully reloaded assembly
- Completed reload, in  1.483 seconds
Platform modules already initialized, skipping
Refreshing native plugins compatible for Editor in 2.33 ms, found 0 plugins.
Preloading 0 native plugins for Editor in 0.00 ms.
Unloading 2244 Unused Serialized files (Serialized files now loaded: 0)
System memory in use before: 210.5 MB.
System memory in use after: 210.7 MB.

Unloading 6 unused Assets to reduce memory usage. Loaded Objects now: 2861.
Total: 7.100500 ms (FindLiveObjects: 0.531900 ms CreateObjectMapping: 0.228100 ms MarkObjects: 5.532400 ms  DeleteObjects: 0.804300 ms)

========================================================================
Received Prepare
Registering precompiled user dll's ...
Registered in 0.002442 seconds.
Begin MonoManager ReloadAssembly
Native extension for WindowsStandalone target not found
Refreshing native plugins compatible for Editor in 1.49 ms, found 0 plugins.
Preloading 0 native plugins for Editor in 0.00 ms.
Mono: successfully reloaded assembly
- Completed reload, in  2.221 seconds
Platform modules already initialized, skipping
Refreshing native plugins compatible for Editor in 2.95 ms, found 0 plugins.
Preloading 0 native plugins for Editor in 0.00 ms.
Unloading 2244 Unused Serialized files (Serialized files now loaded: 0)
System memory in use before: 210.6 MB.
System memory in use after: 210.7 MB.

Unloading 6 unused Assets to reduce memory usage. Loaded Objects now: 2864.
Total: 5.639700 ms (FindLiveObjects: 0.716500 ms CreateObjectMapping: 0.340500 ms MarkObjects: 3.819200 ms  DeleteObjects: 0.760600 ms)

========================================================================
Received Prepare
Refreshing native plugins compatible for Editor in 25.65 ms, found 0 plugins.
Preloading 0 native plugins for Editor in 0.00 ms.
Unloading 3 Unused Serialized files (Serialized files now loaded: 0)
System memory in use before: 166.2 MB.
System memory in use after: 166.4 MB.

Unloading 3 unused Assets to reduce memory usage. Loaded Objects now: 2864.
Total: 10.657000 ms (FindLiveObjects: 1.879700 ms CreateObjectMapping: 0.488600 ms MarkObjects: 7.074400 ms  DeleteObjects: 1.210200 ms)

========================================================================
Received Import Request.
  Time since last request: 6572.211779 seconds.
  path: Assets/Scenes/Arkanoid/Scene/MainMenuAkanoid.unity
  artifactKey: Guid(d01468e75693ef24685d497b6b4e8213) Importer(815301076,1909f56bfc062723c751e8b465ee728b)
Start importing Assets/Scenes/Arkanoid/Scene/MainMenuAkanoid.unity using Guid(d01468e75693ef24685d497b6b4e8213) Importer(815301076,1909f56bfc062723c751e8b465ee728b)  -> (artifact id: '894a7b14be1992ca943a63ebabafd422') in 2.323243 seconds
  Import took 2.698280 seconds .

========================================================================
Received Prepare
Registering precompiled user dll's ...
Registered in 0.004805 seconds.
Begin MonoManager ReloadAssembly
Native extension for WindowsStandalone target not found
Refreshing native plugins compatible for Editor in 2.51 ms, found 0 plugins.
Preloading 0 native plugins for Editor in 0.00 ms.
Mono: successfully reloaded assembly
- Completed reload, in  3.634 seconds
Platform modules already initialized, skipping
Refreshing native plugins compatible for Editor in 4.09 ms, found 0 plugins.
Preloading 0 native plugins for Editor in 0.00 ms.
Unloading 2244 Unused Serialized files (Serialized files now loaded: 0)
System memory in use before: 210.6 MB.
System memory in use after: 210.8 MB.

Unloading 6 unused Assets to reduce memory usage. Loaded Objects now: 2867.
Total: 10.780800 ms (FindLiveObjects: 1.406700 ms CreateObjectMapping: 0.556600 ms MarkObjects: 7.523100 ms  DeleteObjects: 1.279500 ms)

AssetImportWorkerClient::OnTransportError - code=2 error=End of file
