Using pre-set license
Built from '2020.3/staging' branch; Version is '2020.3.6f1 (338bb68529b2) revision 3378102'; Using compiler version '192528614'; Build Type 'Release'
OS: 'Windows 10 Home; OS build 19043.1288; Version 2009; 64bit' Language: 'es' Physical Memory: 8043 MB
BatchMode: 1, IsHumanControllingUs: 0, StartBugReporterOnCrash: 0, Is64bit: 1, IsPro: 0

 COMMAND LINE ARGUMENTS:
C:\Program Files\Unity\Hub\Editor\2020.3.6f1\Editor\Unity.exe
-adb2
-batchMode
-noUpm
-name
AssetImportWorker1
-projectPath
D:/FP_Proyecto
-logFile
Logs/AssetImportWorker1.log
-srvPort
10980
Successfully changed project path to: D:/FP_Proyecto
D:/FP_Proyecto
Using Asset Import Pipeline V2.
Refreshing native plugins compatible for Editor in 210.49 ms, found 0 plugins.
Preloading 0 native plugins for Editor in 0.00 ms.
Initialize engine version: 2020.3.6f1 (338bb68529b2)
[Subsystems] Discovering subsystems at path C:/Program Files/Unity/Hub/Editor/2020.3.6f1/Editor/Data/Resources/UnitySubsystems
[Subsystems] Discovering subsystems at path D:/FP_Proyecto/Assets
GfxDevice: creating device client; threaded=0
Direct3D:
    Version:  Direct3D 11.0 [level 11.0]
    Renderer: NVIDIA GeForce MX110 (ID=0x174e)
    Vendor:   
    VRAM:     2010 MB
    Driver:   27.21.14.6259
Initialize mono
Mono path[0] = 'C:/Program Files/Unity/Hub/Editor/2020.3.6f1/Editor/Data/Managed'
Mono path[1] = 'C:/Program Files/Unity/Hub/Editor/2020.3.6f1/Editor/Data/MonoBleedingEdge/lib/mono/unityjit'
Mono config path = 'C:/Program Files/Unity/Hub/Editor/2020.3.6f1/Editor/Data/MonoBleedingEdge/etc'
Using monoOptions --debugger-agent=transport=dt_socket,embedding=1,server=y,suspend=n,address=127.0.0.1:56092
Begin MonoManager ReloadAssembly
Registering precompiled unity dll's ...
Register platform support module: C:/Program Files/Unity/Hub/Editor/2020.3.6f1/Editor/Data/PlaybackEngines/WindowsStandaloneSupport/UnityEditor.WindowsStandalone.Extensions.dll
Registered in 0.004493 seconds.
Native extension for WindowsStandalone target not found
Refreshing native plugins compatible for Editor in 191.46 ms, found 0 plugins.
Preloading 0 native plugins for Editor in 0.00 ms.
Mono: successfully reloaded assembly
- Completed reload, in  2.700 seconds
Platform modules already initialized, skipping
Registering precompiled user dll's ...
Registered in 0.002149 seconds.
Begin MonoManager ReloadAssembly
Native extension for WindowsStandalone target not found
Refreshing native plugins compatible for Editor in 1.58 ms, found 0 plugins.
Preloading 0 native plugins for Editor in 0.00 ms.
Mono: successfully reloaded assembly
- Completed reload, in  3.932 seconds
Platform modules already initialized, skipping
========================================================================
Worker process is ready to serve import requests
Launched and connected shader compiler UnityShaderCompiler.exe after 0.14 seconds
Refreshing native plugins compatible for Editor in 2.74 ms, found 0 plugins.
Preloading 0 native plugins for Editor in 0.00 ms.
Unloading 2367 Unused Serialized files (Serialized files now loaded: 0)
System memory in use before: 222.0 MB.
System memory in use after: 222.2 MB.

Unloading 15 unused Assets to reduce memory usage. Loaded Objects now: 2848.
Total: 8.893600 ms (FindLiveObjects: 0.739500 ms CreateObjectMapping: 0.398900 ms MarkObjects: 6.334500 ms  DeleteObjects: 1.416800 ms)

========================================================================
Received Import Request.
  path: Assets/Scenes/MainMenu/MainMenu.unity
  artifactKey: Guid(2cda990e2423bbf4892e6590ba056729) Importer(815301076,1909f56bfc062723c751e8b465ee728b)
Start importing Assets/Scenes/MainMenu/MainMenu.unity using Guid(2cda990e2423bbf4892e6590ba056729) Importer(815301076,1909f56bfc062723c751e8b465ee728b)  -> (artifact id: 'd100a5fac7859b6832f000ae9add93ed') in 0.680460 seconds
  Import took 0.716380 seconds .

========================================================================
Received Prepare
Registering precompiled user dll's ...
Registered in 0.001278 seconds.
Begin MonoManager ReloadAssembly
Native extension for WindowsStandalone target not found
Refreshing native plugins compatible for Editor in 1.14 ms, found 0 plugins.
Preloading 0 native plugins for Editor in 0.00 ms.
Mono: successfully reloaded assembly
- Completed reload, in  1.902 seconds
Platform modules already initialized, skipping
Refreshing native plugins compatible for Editor in 0.88 ms, found 0 plugins.
Preloading 0 native plugins for Editor in 0.00 ms.
Unloading 2245 Unused Serialized files (Serialized files now loaded: 0)
System memory in use before: 210.4 MB.
System memory in use after: 210.6 MB.

Unloading 6 unused Assets to reduce memory usage. Loaded Objects now: 2852.
Total: 2.870200 ms (FindLiveObjects: 0.314100 ms CreateObjectMapping: 0.171700 ms MarkObjects: 2.070900 ms  DeleteObjects: 0.312200 ms)

========================================================================
Received Prepare
Registering precompiled user dll's ...
Registered in 0.001395 seconds.
Begin MonoManager ReloadAssembly
Native extension for WindowsStandalone target not found
Refreshing native plugins compatible for Editor in 1.23 ms, found 0 plugins.
Preloading 0 native plugins for Editor in 0.00 ms.
Mono: successfully reloaded assembly
- Completed reload, in  2.774 seconds
Platform modules already initialized, skipping
Refreshing native plugins compatible for Editor in 1.53 ms, found 0 plugins.
Preloading 0 native plugins for Editor in 0.00 ms.
Unloading 2244 Unused Serialized files (Serialized files now loaded: 0)
System memory in use before: 210.4 MB.
System memory in use after: 210.6 MB.

Unloading 6 unused Assets to reduce memory usage. Loaded Objects now: 2855.
Total: 3.734000 ms (FindLiveObjects: 0.769200 ms CreateObjectMapping: 0.114300 ms MarkObjects: 2.513100 ms  DeleteObjects: 0.335700 ms)

========================================================================
Received Import Request.
  Time since last request: 625.682351 seconds.
  path: Assets/Scenes/EllenAdventure/Level1_Introducction.unity
  artifactKey: Guid(f39a5e2ea3dcfd54586386855032b9d2) Importer(815301076,1909f56bfc062723c751e8b465ee728b)
Start importing Assets/Scenes/EllenAdventure/Level1_Introducction.unity using Guid(f39a5e2ea3dcfd54586386855032b9d2) Importer(815301076,1909f56bfc062723c751e8b465ee728b)  -> (artifact id: 'fc3d8a4ed3add059aae3d1690c375c0a') in 0.785554 seconds
  Import took 0.820441 seconds .

========================================================================
Received Prepare
Registering precompiled user dll's ...
Registered in 0.048517 seconds.
Begin MonoManager ReloadAssembly
Native extension for WindowsStandalone target not found
Refreshing native plugins compatible for Editor in 1.29 ms, found 0 plugins.
Preloading 0 native plugins for Editor in 0.00 ms.
Mono: successfully reloaded assembly
- Completed reload, in  2.906 seconds
Platform modules already initialized, skipping
Refreshing native plugins compatible for Editor in 6.10 ms, found 0 plugins.
Preloading 0 native plugins for Editor in 0.00 ms.
Unloading 2244 Unused Serialized files (Serialized files now loaded: 0)
System memory in use before: 210.5 MB.
System memory in use after: 210.7 MB.

Unloading 6 unused Assets to reduce memory usage. Loaded Objects now: 2858.
Total: 47.105900 ms (FindLiveObjects: 2.561600 ms CreateObjectMapping: 0.230000 ms MarkObjects: 41.811400 ms  DeleteObjects: 2.494500 ms)

========================================================================
Received Import Request.
  Time since last request: 438.318207 seconds.
  path: Assets/Scenes/FPS_Shotter/Level1.unity
  artifactKey: Guid(37ea1c50217dbcc4a92a3a0dd7a54449) Importer(815301076,1909f56bfc062723c751e8b465ee728b)
Start importing Assets/Scenes/FPS_Shotter/Level1.unity using Guid(37ea1c50217dbcc4a92a3a0dd7a54449) Importer(815301076,1909f56bfc062723c751e8b465ee728b)  -> (artifact id: 'ed0d68fdff791d8b6a175c299ce9cd44') in 0.211125 seconds
  Import took 0.238196 seconds .

========================================================================
Received Prepare
Registering precompiled user dll's ...
Registered in 0.001332 seconds.
Begin MonoManager ReloadAssembly
Native extension for WindowsStandalone target not found
Refreshing native plugins compatible for Editor in 1.13 ms, found 0 plugins.
Preloading 0 native plugins for Editor in 0.00 ms.
Mono: successfully reloaded assembly
- Completed reload, in  1.727 seconds
Platform modules already initialized, skipping
Refreshing native plugins compatible for Editor in 1.33 ms, found 0 plugins.
Preloading 0 native plugins for Editor in 0.00 ms.
Unloading 2244 Unused Serialized files (Serialized files now loaded: 0)
System memory in use before: 210.6 MB.
System memory in use after: 210.7 MB.

Unloading 6 unused Assets to reduce memory usage. Loaded Objects now: 2861.
Total: 7.753700 ms (FindLiveObjects: 0.631700 ms CreateObjectMapping: 0.296100 ms MarkObjects: 6.054800 ms  DeleteObjects: 0.766700 ms)

========================================================================
Received Prepare
Refreshing native plugins compatible for Editor in 2.05 ms, found 0 plugins.
Preloading 0 native plugins for Editor in 0.00 ms.
Unloading 3 Unused Serialized files (Serialized files now loaded: 0)
System memory in use before: 166.2 MB.
System memory in use after: 166.4 MB.

Unloading 3 unused Assets to reduce memory usage. Loaded Objects now: 2861.
Total: 3.335600 ms (FindLiveObjects: 0.366900 ms CreateObjectMapping: 0.168700 ms MarkObjects: 2.491000 ms  DeleteObjects: 0.307900 ms)

AssetImportWorkerClient::OnTransportError - code=2 error=End of file
